-- The C compiler identification is GNU 11.4.0
-- The CXX compiler identification is GNU 11.4.0
-- Detecting C compiler ABI info
-- Detecting C compiler ABI info - done
-- Check for working C compiler: /usr/bin/cc - skipped
-- Detecting C compile features
-- Detecting C compile features - done
-- Detecting CXX compiler ABI info
-- Detecting CXX compiler ABI info - done
-- Check for working CXX compiler: /usr/bin/c++ - skipped
-- Detecting CXX compile features
-- Detecting CXX compile features - done
-- Found ament_cmake: 1.3.9 (/opt/ros/humble/share/ament_cmake/cmake)
-- Found Python3: /usr/bin/python3 (found version "3.10.12") found components: Interpreter 
-- Override CMake install command with custom implementation using symlinks instead of copying resources
-- Found ament_cmake_ros: 0.10.0 (/opt/ros/humble/share/ament_cmake_ros/cmake)
-- Found autopilot: 1.0.0 (/home/ricardo22/capture/src/install/autopilot/share/autopilot/cmake)
-- Found rosidl_generator_c: 3.1.5 (/opt/ros/humble/share/rosidl_generator_c/cmake)
-- Found rosidl_adapter: 3.1.5 (/opt/ros/humble/share/rosidl_adapter/cmake)
-- Found rosidl_generator_cpp: 3.1.5 (/opt/ros/humble/share/rosidl_generator_cpp/cmake)
-- Using all available rosidl_typesupport_c: rosidl_typesupport_fastrtps_c;rosidl_typesupport_introspection_c
-- Using all available rosidl_typesupport_cpp: rosidl_typesupport_fastrtps_cpp;rosidl_typesupport_introspection_cpp
-- Found rmw_implementation_cmake: 6.1.2 (/opt/ros/humble/share/rmw_implementation_cmake/cmake)
-- Found rmw_fastrtps_cpp: 6.2.6 (/opt/ros/humble/share/rmw_fastrtps_cpp/cmake)
-- Found OpenSSL: /usr/lib/x86_64-linux-gnu/libcrypto.so (found version "3.0.2")  
-- Found FastRTPS: /opt/ros/humble/include  
-- Using RMW implementation 'rmw_fastrtps_cpp' as default
-- Looking for pthread.h
-- Looking for pthread.h - found
-- Performing Test CMAKE_HAVE_LIBC_PTHREAD
-- Performing Test CMAKE_HAVE_LIBC_PTHREAD - Success
-- Found Threads: TRUE  
-- Found pegasus_utils: 1.0.0 (/home/ricardo22/capture/src/install/pegasus_utils/share/pegasus_utils/cmake)
-- Found ament_lint_auto: 0.12.11 (/opt/ros/humble/share/ament_lint_auto/cmake)
-- Added test 'cppcheck' to perform static code analysis on C / C++ code
-- Configured cppcheck include dirs: $<BUILD_INTERFACE:/home/ricardo22/capture/src/pegasus/pegasus_autopilot/autopilot_modes/include>
-- Configured cppcheck exclude dirs and/or files: 
-- Added test 'lint_cmake' to check CMake code style
-- Added test 'uncrustify' to check C / C++ code style
-- Configured uncrustify additional arguments: 
-- Added test 'xmllint' to check XML markup files
-- Configuring done
-- Generating done
-- Build files have been written to: /home/ricardo22/capture/src/build/autopilot_modes
[ 11%] [32mBuilding CXX object CMakeFiles/autopilot_modes.dir/src/mode_disarm.cpp.o[0m
[ 22%] [32mBuilding CXX object CMakeFiles/autopilot_modes.dir/src/mode_follow_trajectory.cpp.o[0m
[ 33%] [32mBuilding CXX object CMakeFiles/autopilot_modes.dir/src/mode_arm.cpp.o[0m
[ 44%] [32mBuilding CXX object CMakeFiles/autopilot_modes.dir/src/mode_hold.cpp.o[0m
[ 55%] [32mBuilding CXX object CMakeFiles/autopilot_modes.dir/src/mode_land.cpp.o[0m
[ 66%] [32mBuilding CXX object CMakeFiles/autopilot_modes.dir/src/mode_pass_through.cpp.o[0m
[ 77%] [32mBuilding CXX object CMakeFiles/autopilot_modes.dir/src/mode_takeoff.cpp.o[0m
[ 88%] [32mBuilding CXX object CMakeFiles/autopilot_modes.dir/src/mode_waypoint.cpp.o[0m
[01m[K/home/ricardo22/capture/src/pegasus/pegasus_autopilot/autopilot_modes/src/mode_waypoint.cpp:30:28:[m[K [01;35m[Kwarning: [m[Kcharacter constant too long for its type
   30 |     self.get_logger().info([01;35m[K'olaaaaa'[m[K)
      |                            [01;35m[K^~~~~~~~~[m[K
[01m[K/home/ricardo22/capture/src/pegasus/pegasus_autopilot/autopilot_modes/src/mode_waypoint.cpp:95:28:[m[K [01;35m[Kwarning: [m[Kcharacter constant too long for its type
   95 |     self.get_logger().info([01;35m[K'ESTOU NO CHECK FINISHED222'[m[K)
      |                            [01;35m[K^~~~~~~~~~~~~~~~~~~~~~~~~~~~[m[K
[01m[K/home/ricardo22/capture/src/pegasus/pegasus_autopilot/autopilot_modes/src/mode_waypoint.cpp:[m[K In member function â€˜[01m[Kvirtual bool autopilot::WaypointMode::enter()[m[Kâ€™:
[01m[K/home/ricardo22/capture/src/pegasus/pegasus_autopilot/autopilot_modes/src/mode_waypoint.cpp:30:5:[m[K [01;31m[Kerror: [m[Kâ€˜[01m[Kself[m[Kâ€™ was not declared in this scope
   30 |     [01;31m[Kself[m[K.get_logger().info('olaaaaa')
      |     [01;31m[K^~~~[m[K
[01m[K/home/ricardo22/capture/src/pegasus/pegasus_autopilot/autopilot_modes/src/mode_waypoint.cpp:[m[K In member function â€˜[01m[Kbool autopilot::WaypointMode::check_finished()[m[Kâ€™:
[01m[K/home/ricardo22/capture/src/pegasus/pegasus_autopilot/autopilot_modes/src/mode_waypoint.cpp:64:5:[m[K [01;31m[Kerror: [m[Kâ€˜[01m[Kprint[m[Kâ€™ was not declared in this scope; did you mean â€˜[01m[KEigen::internal::print[m[Kâ€™?
   64 |     [01;31m[Kprint[m[K("Hello, World!")
      |     [01;31m[K^~~~~[m[K
      |     [32m[KEigen::internal::print[m[K
In file included from [01m[K/usr/include/eigen3/Eigen/Core:172[m[K,
                 from [01m[K/home/ricardo22/capture/src/install/autopilot/include/autopilot/mode.hpp:52[m[K,
                 from [01m[K/home/ricardo22/capture/src/pegasus/pegasus_autopilot/autopilot_modes/include/autopilot_modes/mode_waypoint.hpp:50[m[K,
                 from [01m[K/home/ricardo22/capture/src/pegasus/pegasus_autopilot/autopilot_modes/src/mode_waypoint.cpp:1[m[K:
[01m[K/usr/include/eigen3/Eigen/src/Core/GenericPacketMath.h:835:8:[m[K [01;36m[Knote: [m[Kâ€˜[01m[KEigen::internal::print[m[Kâ€™ declared here
  835 | Packet [01;36m[Kprint[m[K(const Packet& a) { using numext::rint; return rint(a); }
      |        [01;36m[K^~~~~[m[K
[01m[K/home/ricardo22/capture/src/pegasus/pegasus_autopilot/autopilot_modes/src/mode_waypoint.cpp:[m[K In member function â€˜[01m[Kvoid autopilot::WaypointMode::waypoint_callback(pegasus_msgs::srv::Waypoint_Request_<std::allocator<void> >::SharedPtr, pegasus_msgs::srv::Waypoint_Response_<std::allocator<void> >::SharedPtr)[m[Kâ€™:
[01m[K/home/ricardo22/capture/src/pegasus/pegasus_autopilot/autopilot_modes/src/mode_waypoint.cpp:95:5:[m[K [01;31m[Kerror: [m[Kâ€˜[01m[Kself[m[Kâ€™ was not declared in this scope
   95 |     [01;31m[Kself[m[K.get_logger().info('ESTOU NO CHECK FINISHED222')
      |     [01;31m[K^~~~[m[K
[01m[K/home/ricardo22/capture/src/pegasus/pegasus_autopilot/autopilot_modes/src/mode_waypoint.cpp:[m[K In member function â€˜[01m[Kvirtual bool autopilot::WaypointMode::enter()[m[Kâ€™:
[01m[K/home/ricardo22/capture/src/pegasus/pegasus_autopilot/autopilot_modes/src/mode_waypoint.cpp:27:25:[m[K [01;35m[Kwarning: [m[Kcontrol reaches end of non-void function [[01;35m[K]8;;https://gcc.gnu.org/onlinedocs/gcc/Warning-Options.html#index-Wreturn-type-Wreturn-type]8;;[m[K]
   27 |     [01;35m[Kthis->waypoint_set_ = false[m[K;
      |     [01;35m[K~~~~~~~~~~~~~~~~~~~~^~~~~~~[m[K
gmake[2]: *** [CMakeFiles/autopilot_modes.dir/build.make:174: CMakeFiles/autopilot_modes.dir/src/mode_waypoint.cpp.o] Error 1
gmake[2]: *** Waiting for unfinished jobs....
gmake[1]: *** [CMakeFiles/Makefile2:137: CMakeFiles/autopilot_modes.dir/all] Error 2
gmake: *** [Makefile:146: all] Error 2
